<?xml version="1.0" encoding="UTF-8"?>
<testsuite xmlns:xsi="http://www.w3.org/2001/XMLSchema-instance" xsi:noNamespaceSchemaLocation="https://maven.apache.org/surefire/maven-surefire-plugin/xsd/surefire-test-report-3.0.xsd" version="3.0" name="com.reginah.Expensetrackerapi.ExpenseTrackerApiApplicationTests" time="10.587" tests="1" errors="0" skipped="0" failures="0">
  <properties>
[...]
</properties>
  <testcase name="contextLoads" classname="com.reginah.Expensetrackerapi.ExpenseTrackerApiApplicationTests" time="0.983">
    <system-out><![CDATA[07:00:55.786 [main] INFO org.springframework.test.context.support.AnnotationConfigContextLoaderUtils -- Could not detect default configuration classes for test class [com.reginah.Expensetrackerapi.ExpenseTrackerApiApplicationTests]: ExpenseTrackerApiApplicationTests does not declare any static, non-private, non-final, nested classes annotated with @Configuration.
07:00:55.956 [main] INFO org.springframework.boot.test.context.SpringBootTestContextBootstrapper -- Found @SpringBootConfiguration com.reginah.Expensetrackerapi.ExpenseTrackerApiApplication for test class com.reginah.Expensetrackerapi.ExpenseTrackerApiApplicationTests
07:00:56.267 [main] INFO org.springframework.boot.devtools.restart.RestartApplicationListener -- Restart disabled due to context in which it is running

  .   ____          _            __ _ _
 /\\ / ___'_ __ _ _(_)_ __  __ _ \ \ \ \
( ( )\___ | '_ | '_| | '_ \/ _` | \ \ \ \
 \\/  ___)| |_)| | | | | || (_| |  ) ) ) )
  '  |____| .__|_| |_|_| |_\__, | / / / /
 =========|_|==============|___/=/_/_/_/
 :: Spring Boot ::                (v3.2.2)

2024-02-26T07:00:56.798+03:00  INFO 40884 --- [           main] c.r.E.ExpenseTrackerApiApplicationTests  : Starting ExpenseTrackerApiApplicationTests using Java 17.0.9 with PID 40884 (started by HP in D:\ALX-Portfolio-Project\Expense-tracker-api\Expense-tracker-api)
2024-02-26T07:00:56.801+03:00  INFO 40884 --- [           main] c.r.E.ExpenseTrackerApiApplicationTests  : No active profile set, falling back to 1 default profile: "default"
2024-02-26T07:00:58.571+03:00  INFO 40884 --- [           main] .s.d.r.c.RepositoryConfigurationDelegate : Bootstrapping Spring Data JPA repositories in DEFAULT mode.
2024-02-26T07:00:58.731+03:00  INFO 40884 --- [           main] .s.d.r.c.RepositoryConfigurationDelegate : Finished Spring Data repository scanning in 129 ms. Found 2 JPA repository interfaces.
2024-02-26T07:00:59.716+03:00  INFO 40884 --- [           main] o.hibernate.jpa.internal.util.LogHelper  : HHH000204: Processing PersistenceUnitInfo [name: default]
2024-02-26T07:00:59.871+03:00  INFO 40884 --- [           main] org.hibernate.Version                    : HHH000412: Hibernate ORM core version 6.4.1.Final
2024-02-26T07:01:00.013+03:00  INFO 40884 --- [           main] o.h.c.internal.RegionFactoryInitiator    : HHH000026: Second-level cache disabled
2024-02-26T07:01:00.674+03:00  INFO 40884 --- [           main] o.s.o.j.p.SpringPersistenceUnitInfo      : No LoadTimeWeaver setup: ignoring JPA class transformer
2024-02-26T07:01:00.744+03:00  INFO 40884 --- [           main] com.zaxxer.hikari.HikariDataSource       : HikariPool-1 - Starting...
2024-02-26T07:01:01.002+03:00  INFO 40884 --- [           main] com.zaxxer.hikari.pool.HikariPool        : HikariPool-1 - Added connection org.mariadb.jdbc.Connection@ec5f944
2024-02-26T07:01:01.006+03:00  INFO 40884 --- [           main] com.zaxxer.hikari.HikariDataSource       : HikariPool-1 - Start completed.
2024-02-26T07:01:01.054+03:00  WARN 40884 --- [           main] org.hibernate.dialect.Dialect            : HHH000511: The 8.2.0 version for [org.hibernate.dialect.MariaDBDialect] is no longer supported, hence certain features may not work properly. The minimum supported version is 10.4.0. Check the community dialects project for available legacy versions.
2024-02-26T07:01:01.071+03:00  WARN 40884 --- [           main] org.hibernate.orm.deprecation            : HHH90000025: MariaDBDialect does not need to be specified explicitly using 'hibernate.dialect' (remove the property setting and it will be selected by default)
2024-02-26T07:01:02.804+03:00  INFO 40884 --- [           main] o.h.e.t.j.p.i.JtaPlatformInitiator       : HHH000489: No JTA platform available (set 'hibernate.transaction.jta.platform' to enable JTA platform integration)
2024-02-26T07:01:02.868+03:00  INFO 40884 --- [           main] j.LocalContainerEntityManagerFactoryBean : Initialized JPA EntityManagerFactory for persistence unit 'default'
2024-02-26T07:01:03.853+03:00  WARN 40884 --- [           main] JpaBaseConfiguration$JpaWebConfiguration : spring.jpa.open-in-view is enabled by default. Therefore, database queries may be performed during view rendering. Explicitly configure spring.jpa.open-in-view to disable this warning
2024-02-26T07:01:04.454+03:00  INFO 40884 --- [           main] o.s.s.web.DefaultSecurityFilterChain     : Will secure any request with [org.springframework.security.web.session.DisableEncodeUrlFilter@969c2f9, org.springframework.security.web.context.request.async.WebAsyncManagerIntegrationFilter@7bbc11ed, org.springframework.security.web.context.SecurityContextHolderFilter@2f6352a3, org.springframework.security.web.header.HeaderWriterFilter@c10f7a8, org.springframework.web.filter.CorsFilter@7d741200, org.springframework.security.web.authentication.logout.LogoutFilter@28dd038f, org.springframework.security.web.authentication.www.BasicAuthenticationFilter@625c9248, org.springframework.security.web.savedrequest.RequestCacheAwareFilter@bb160fb, org.springframework.security.web.servletapi.SecurityContextHolderAwareRequestFilter@4cc4f6bd, org.springframework.security.web.authentication.AnonymousAuthenticationFilter@36e11b60, org.springframework.security.web.access.ExceptionTranslationFilter@7fd3c38b, org.springframework.security.web.access.intercept.AuthorizationFilter@1ae26c59]
2024-02-26T07:01:05.071+03:00  INFO 40884 --- [           main] c.r.E.ExpenseTrackerApiApplicationTests  : Started ExpenseTrackerApiApplicationTests in 8.83 seconds (process running for 10.55)
]]></system-out>
  </testcase>
</testsuite>